<?xml version="1.0" encoding="UTF-8"?>
<!-- Generated by org.testng.reporters.JUnitXMLReporter -->
<testsuite ignored="2" hostname="DESKTOP-DI3P695" failures="0" tests="1" name="Test" time="0.255" errors="0" timestamp="2021-09-24T03:53:28 IST">
  <testcase classname="com.testcase.BankManagerLoginTest" name="loginAsBankManager" time="0.188"/>
  <testcase classname="com.Base.TestBase" name="@AfterSuite tearDown" time="0.0">
    <ignored/>
  </testcase> <!-- @AfterSuite tearDown -->
  <testcase classname="com.Base.TestBase" name="@BeforeSuite setup" time="0.0">
    <ignored/>
  </testcase> <!-- @BeforeSuite setup -->
</testsuite> <!-- Test -->
