<?xml version="1.0" encoding="UTF-8"?>
<!-- Generated by org.testng.reporters.JUnitXMLReporter -->
<testsuite ignored="0" hostname="DESKTOP-DI3P695" failures="0" tests="3" name="Test2" time="1.861" errors="0" timestamp="2021-09-24T17:28:11 IST">
  <testcase classname="com.testcase.AddCustomerTest" name="addCoustomer" time="0.896"/>
  <testcase classname="com.testcase.AddCustomerTest" name="addCoustomer" time="0.521"/>
  <testcase classname="com.testcase.AddCustomerTest" name="addCoustomer" time="0.412"/>
</testsuite> <!-- Test2 -->
