<?xml version="1.0" encoding="UTF-8"?>
<testng-results ignored="0" total="0" passed="0" failed="0" skipped="0">
  <reporter-output>
  </reporter-output>
  <suite started-at="2021-09-24T03:55:32 IST" name="Default suite" finished-at="2021-09-24T03:55:32 IST" duration-ms="36">
    <groups>
    </groups>
    <test started-at="2021-09-24T03:55:32 IST" name="Default test" finished-at="2021-09-24T03:55:32 IST" duration-ms="36">
      <class name="com.testcase.BankManagerLoginTest">
        <test-method is-config="true" signature="setup()[pri:0, instance:com.testcase.BankManagerLoginTest@1a5b8489]" started-at="2021-09-24T03:55:28 IST" name="setup" finished-at="2021-09-24T03:55:32 IST" duration-ms="3934" status="PASS">
          <reporter-output>
          </reporter-output>
        </test-method> <!-- setup -->
        <test-method is-config="true" signature="tearDown()[pri:0, instance:com.testcase.BankManagerLoginTest@1a5b8489]" started-at="2021-09-24T03:55:32 IST" name="tearDown" finished-at="2021-09-24T03:55:32 IST" duration-ms="317" status="PASS">
          <reporter-output>
          </reporter-output>
        </test-method> <!-- tearDown -->
      </class> <!-- com.testcase.BankManagerLoginTest -->
    </test> <!-- Default test -->
  </suite> <!-- Default suite -->
</testng-results>
