<?xml version="1.0" encoding="UTF-8"?>
<testng-results ignored="0" total="1" passed="1" failed="0" skipped="0">
  <reporter-output>
  </reporter-output>
  <suite started-at="2021-09-23T15:40:38 IST" name="Default suite" finished-at="2021-09-23T15:40:41 IST" duration-ms="3197">
    <groups>
    </groups>
    <test started-at="2021-09-23T15:40:38 IST" name="Default test" finished-at="2021-09-23T15:40:41 IST" duration-ms="3197">
      <class name="com.testcase.LoginTest">
        <test-method is-config="true" signature="setup()[pri:0, instance:com.testcase.LoginTest@2b48a640]" started-at="2021-09-23T15:40:27 IST" name="setup" finished-at="2021-09-23T15:40:38 IST" duration-ms="10786" status="PASS">
          <reporter-output>
          </reporter-output>
        </test-method> <!-- setup -->
        <test-method signature="loginAsBankManager()[pri:0, instance:com.testcase.LoginTest@2b48a640]" started-at="2021-09-23T15:40:38 IST" name="loginAsBankManager" finished-at="2021-09-23T15:40:41 IST" duration-ms="3120" status="PASS">
          <reporter-output>
          </reporter-output>
        </test-method> <!-- loginAsBankManager -->
        <test-method is-config="true" signature="tearDown()[pri:0, instance:com.testcase.LoginTest@2b48a640]" started-at="2021-09-23T15:40:41 IST" name="tearDown" finished-at="2021-09-23T15:40:44 IST" duration-ms="2925" status="PASS">
          <reporter-output>
          </reporter-output>
        </test-method> <!-- tearDown -->
      </class> <!-- com.testcase.LoginTest -->
    </test> <!-- Default test -->
  </suite> <!-- Default suite -->
</testng-results>
